<?xml version="1.0" encoding="UTF-8"?>
<testsuite xmlns:xsi="http://www.w3.org/2001/XMLSchema-instance" xsi:noNamespaceSchemaLocation="https://maven.apache.org/surefire/maven-surefire-plugin/xsd/surefire-test-report.xsd" name="TestSuite" time="220.608" tests="21" errors="0" skipped="0" failures="1">
  <properties>
    <property name="sun.desktop" value="windows"/>
    <property name="awt.toolkit" value="sun.awt.windows.WToolkit"/>
    <property name="java.specification.version" value="12"/>
    <property name="sun.cpu.isalist" value="amd64"/>
    <property name="sun.jnu.encoding" value="Cp1252"/>
    <property name="java.class.path" value="D:\EXITS TEST\Flipkart\Flipkart\target\test-classes;D:\EXITS TEST\Flipkart\Flipkart\target\classes;C:\Users\pulkitrajpal\.m2\repository\org\apache\poi\poi-ooxml\3.13\poi-ooxml-3.13.jar;C:\Users\pulkitrajpal\.m2\repository\org\apache\poi\poi-ooxml-schemas\3.13\poi-ooxml-schemas-3.13.jar;C:\Users\pulkitrajpal\.m2\repository\org\apache\xmlbeans\xmlbeans\2.6.0\xmlbeans-2.6.0.jar;C:\Users\pulkitrajpal\.m2\repository\stax\stax-api\1.0.1\stax-api-1.0.1.jar;C:\Users\pulkitrajpal\.m2\repository\org\apache\poi\poi\3.13\poi-3.13.jar;C:\Users\pulkitrajpal\.m2\repository\commons-codec\commons-codec\1.9\commons-codec-1.9.jar;C:\Users\pulkitrajpal\.m2\repository\commons-io\commons-io\2.4\commons-io-2.4.jar;C:\Users\pulkitrajpal\.m2\repository\org\seleniumhq\selenium\selenium-java\3.141.59\selenium-java-3.141.59.jar;C:\Users\pulkitrajpal\.m2\repository\org\seleniumhq\selenium\selenium-api\3.141.59\selenium-api-3.141.59.jar;C:\Users\pulkitrajpal\.m2\repository\org\seleniumhq\selenium\selenium-chrome-driver\3.141.59\selenium-chrome-driver-3.141.59.jar;C:\Users\pulkitrajpal\.m2\repository\org\seleniumhq\selenium\selenium-edge-driver\3.141.59\selenium-edge-driver-3.141.59.jar;C:\Users\pulkitrajpal\.m2\repository\org\seleniumhq\selenium\selenium-firefox-driver\3.141.59\selenium-firefox-driver-3.141.59.jar;C:\Users\pulkitrajpal\.m2\repository\org\seleniumhq\selenium\selenium-ie-driver\3.141.59\selenium-ie-driver-3.141.59.jar;C:\Users\pulkitrajpal\.m2\repository\org\seleniumhq\selenium\selenium-opera-driver\3.141.59\selenium-opera-driver-3.141.59.jar;C:\Users\pulkitrajpal\.m2\repository\org\seleniumhq\selenium\selenium-remote-driver\3.141.59\selenium-remote-driver-3.141.59.jar;C:\Users\pulkitrajpal\.m2\repository\org\seleniumhq\selenium\selenium-safari-driver\3.141.59\selenium-safari-driver-3.141.59.jar;C:\Users\pulkitrajpal\.m2\repository\org\seleniumhq\selenium\selenium-support\3.141.59\selenium-support-3.141.59.jar;C:\Users\pulkitrajpal\.m2\repository\net\bytebuddy\byte-buddy\1.8.15\byte-buddy-1.8.15.jar;C:\Users\pulkitrajpal\.m2\repository\org\apache\commons\commons-exec\1.3\commons-exec-1.3.jar;C:\Users\pulkitrajpal\.m2\repository\com\google\guava\guava\25.0-jre\guava-25.0-jre.jar;C:\Users\pulkitrajpal\.m2\repository\com\google\code\findbugs\jsr305\1.3.9\jsr305-1.3.9.jar;C:\Users\pulkitrajpal\.m2\repository\org\checkerframework\checker-compat-qual\2.0.0\checker-compat-qual-2.0.0.jar;C:\Users\pulkitrajpal\.m2\repository\com\google\errorprone\error_prone_annotations\2.1.3\error_prone_annotations-2.1.3.jar;C:\Users\pulkitrajpal\.m2\repository\com\google\j2objc\j2objc-annotations\1.1\j2objc-annotations-1.1.jar;C:\Users\pulkitrajpal\.m2\repository\org\codehaus\mojo\animal-sniffer-annotations\1.14\animal-sniffer-annotations-1.14.jar;C:\Users\pulkitrajpal\.m2\repository\com\squareup\okhttp3\okhttp\3.11.0\okhttp-3.11.0.jar;C:\Users\pulkitrajpal\.m2\repository\com\squareup\okio\okio\1.14.0\okio-1.14.0.jar;C:\Users\pulkitrajpal\.m2\repository\com\relevantcodes\extentreports\2.41.2\extentreports-2.41.2.jar;C:\Users\pulkitrajpal\.m2\repository\org\jsoup\jsoup\1.8.3\jsoup-1.8.3.jar;C:\Users\pulkitrajpal\.m2\repository\org\xerial\sqlite-jdbc\3.8.11.1\sqlite-jdbc-3.8.11.1.jar;C:\Users\pulkitrajpal\.m2\repository\org\freemarker\freemarker\2.3.23\freemarker-2.3.23.jar;C:\Users\pulkitrajpal\.m2\repository\org\mongodb\mongodb-driver\3.0.4\mongodb-driver-3.0.4.jar;C:\Users\pulkitrajpal\.m2\repository\org\mongodb\bson\3.0.4\bson-3.0.4.jar;C:\Users\pulkitrajpal\.m2\repository\org\mongodb\mongodb-driver-core\3.0.4\mongodb-driver-core-3.0.4.jar;C:\Users\pulkitrajpal\.m2\repository\org\apache\logging\log4j\log4j-api\2.17.1\log4j-api-2.17.1.jar;C:\Users\pulkitrajpal\.m2\repository\javax\jms\javax.jms-api\2.0.1\javax.jms-api-2.0.1.jar;C:\Users\pulkitrajpal\.m2\repository\org\fusesource\jansi\jansi\2.3.4\jansi-2.3.4.jar;C:\Users\pulkitrajpal\.m2\repository\org\jctools\jctools-core\1.2.1\jctools-core-1.2.1.jar;C:\Users\pulkitrajpal\.m2\repository\org\slf4j\slf4j-api\1.7.25\slf4j-api-1.7.25.jar;C:\Users\pulkitrajpal\.m2\repository\org\zeromq\jeromq\0.4.3\jeromq-0.4.3.jar;C:\Users\pulkitrajpal\.m2\repository\org\zeromq\jnacl\0.1.0\jnacl-0.1.0.jar;C:\Users\pulkitrajpal\.m2\repository\org\apache\logging\log4j\log4j-core\2.17.1\log4j-core-2.17.1.jar;C:\Users\pulkitrajpal\.m2\repository\org\testng\testng\7.4.0\testng-7.4.0.jar;C:\Users\pulkitrajpal\.m2\repository\com\beust\jcommander\1.78\jcommander-1.78.jar;C:\Users\pulkitrajpal\.m2\repository\org\webjars\jquery\3.5.1\jquery-3.5.1.jar;"/>
    <property name="java.vm.vendor" value="Oracle Corporation"/>
    <property name="sun.arch.data.model" value="64"/>
    <property name="user.variant" value=""/>
    <property name="java.vendor.url" value="https://java.oracle.com/"/>
    <property name="user.timezone" value="Asia/Calcutta"/>
    <property name="os.name" value="Windows 10"/>
    <property name="java.vm.specification.version" value="12"/>
    <property name="sun.java.launcher" value="SUN_STANDARD"/>
    <property name="user.country" value="IN"/>
    <property name="sun.boot.library.path" value="C:\.Net &amp; Java Software\jdk-12.0.2\bin"/>
    <property name="sun.java.command" value="C:\Users\PULKIT~1\AppData\Local\Temp\surefire185580362308731110\surefirebooter17474126640642832212.jar C:\Users\pulkitrajpal\AppData\Local\Temp\surefire185580362308731110 2022-02-09T17-17-16_957-jvmRun1 surefire3687576726146192109tmp surefire_01858713509817623056tmp"/>
    <property name="jdk.debug" value="release"/>
    <property name="surefire.test.class.path" value="D:\EXITS TEST\Flipkart\Flipkart\target\test-classes;D:\EXITS TEST\Flipkart\Flipkart\target\classes;C:\Users\pulkitrajpal\.m2\repository\org\apache\poi\poi-ooxml\3.13\poi-ooxml-3.13.jar;C:\Users\pulkitrajpal\.m2\repository\org\apache\poi\poi-ooxml-schemas\3.13\poi-ooxml-schemas-3.13.jar;C:\Users\pulkitrajpal\.m2\repository\org\apache\xmlbeans\xmlbeans\2.6.0\xmlbeans-2.6.0.jar;C:\Users\pulkitrajpal\.m2\repository\stax\stax-api\1.0.1\stax-api-1.0.1.jar;C:\Users\pulkitrajpal\.m2\repository\org\apache\poi\poi\3.13\poi-3.13.jar;C:\Users\pulkitrajpal\.m2\repository\commons-codec\commons-codec\1.9\commons-codec-1.9.jar;C:\Users\pulkitrajpal\.m2\repository\commons-io\commons-io\2.4\commons-io-2.4.jar;C:\Users\pulkitrajpal\.m2\repository\org\seleniumhq\selenium\selenium-java\3.141.59\selenium-java-3.141.59.jar;C:\Users\pulkitrajpal\.m2\repository\org\seleniumhq\selenium\selenium-api\3.141.59\selenium-api-3.141.59.jar;C:\Users\pulkitrajpal\.m2\repository\org\seleniumhq\selenium\selenium-chrome-driver\3.141.59\selenium-chrome-driver-3.141.59.jar;C:\Users\pulkitrajpal\.m2\repository\org\seleniumhq\selenium\selenium-edge-driver\3.141.59\selenium-edge-driver-3.141.59.jar;C:\Users\pulkitrajpal\.m2\repository\org\seleniumhq\selenium\selenium-firefox-driver\3.141.59\selenium-firefox-driver-3.141.59.jar;C:\Users\pulkitrajpal\.m2\repository\org\seleniumhq\selenium\selenium-ie-driver\3.141.59\selenium-ie-driver-3.141.59.jar;C:\Users\pulkitrajpal\.m2\repository\org\seleniumhq\selenium\selenium-opera-driver\3.141.59\selenium-opera-driver-3.141.59.jar;C:\Users\pulkitrajpal\.m2\repository\org\seleniumhq\selenium\selenium-remote-driver\3.141.59\selenium-remote-driver-3.141.59.jar;C:\Users\pulkitrajpal\.m2\repository\org\seleniumhq\selenium\selenium-safari-driver\3.141.59\selenium-safari-driver-3.141.59.jar;C:\Users\pulkitrajpal\.m2\repository\org\seleniumhq\selenium\selenium-support\3.141.59\selenium-support-3.141.59.jar;C:\Users\pulkitrajpal\.m2\repository\net\bytebuddy\byte-buddy\1.8.15\byte-buddy-1.8.15.jar;C:\Users\pulkitrajpal\.m2\repository\org\apache\commons\commons-exec\1.3\commons-exec-1.3.jar;C:\Users\pulkitrajpal\.m2\repository\com\google\guava\guava\25.0-jre\guava-25.0-jre.jar;C:\Users\pulkitrajpal\.m2\repository\com\google\code\findbugs\jsr305\1.3.9\jsr305-1.3.9.jar;C:\Users\pulkitrajpal\.m2\repository\org\checkerframework\checker-compat-qual\2.0.0\checker-compat-qual-2.0.0.jar;C:\Users\pulkitrajpal\.m2\repository\com\google\errorprone\error_prone_annotations\2.1.3\error_prone_annotations-2.1.3.jar;C:\Users\pulkitrajpal\.m2\repository\com\google\j2objc\j2objc-annotations\1.1\j2objc-annotations-1.1.jar;C:\Users\pulkitrajpal\.m2\repository\org\codehaus\mojo\animal-sniffer-annotations\1.14\animal-sniffer-annotations-1.14.jar;C:\Users\pulkitrajpal\.m2\repository\com\squareup\okhttp3\okhttp\3.11.0\okhttp-3.11.0.jar;C:\Users\pulkitrajpal\.m2\repository\com\squareup\okio\okio\1.14.0\okio-1.14.0.jar;C:\Users\pulkitrajpal\.m2\repository\com\relevantcodes\extentreports\2.41.2\extentreports-2.41.2.jar;C:\Users\pulkitrajpal\.m2\repository\org\jsoup\jsoup\1.8.3\jsoup-1.8.3.jar;C:\Users\pulkitrajpal\.m2\repository\org\xerial\sqlite-jdbc\3.8.11.1\sqlite-jdbc-3.8.11.1.jar;C:\Users\pulkitrajpal\.m2\repository\org\freemarker\freemarker\2.3.23\freemarker-2.3.23.jar;C:\Users\pulkitrajpal\.m2\repository\org\mongodb\mongodb-driver\3.0.4\mongodb-driver-3.0.4.jar;C:\Users\pulkitrajpal\.m2\repository\org\mongodb\bson\3.0.4\bson-3.0.4.jar;C:\Users\pulkitrajpal\.m2\repository\org\mongodb\mongodb-driver-core\3.0.4\mongodb-driver-core-3.0.4.jar;C:\Users\pulkitrajpal\.m2\repository\org\apache\logging\log4j\log4j-api\2.17.1\log4j-api-2.17.1.jar;C:\Users\pulkitrajpal\.m2\repository\javax\jms\javax.jms-api\2.0.1\javax.jms-api-2.0.1.jar;C:\Users\pulkitrajpal\.m2\repository\org\fusesource\jansi\jansi\2.3.4\jansi-2.3.4.jar;C:\Users\pulkitrajpal\.m2\repository\org\jctools\jctools-core\1.2.1\jctools-core-1.2.1.jar;C:\Users\pulkitrajpal\.m2\repository\org\slf4j\slf4j-api\1.7.25\slf4j-api-1.7.25.jar;C:\Users\pulkitrajpal\.m2\repository\org\zeromq\jeromq\0.4.3\jeromq-0.4.3.jar;C:\Users\pulkitrajpal\.m2\repository\org\zeromq\jnacl\0.1.0\jnacl-0.1.0.jar;C:\Users\pulkitrajpal\.m2\repository\org\apache\logging\log4j\log4j-core\2.17.1\log4j-core-2.17.1.jar;C:\Users\pulkitrajpal\.m2\repository\org\testng\testng\7.4.0\testng-7.4.0.jar;C:\Users\pulkitrajpal\.m2\repository\com\beust\jcommander\1.78\jcommander-1.78.jar;C:\Users\pulkitrajpal\.m2\repository\org\webjars\jquery\3.5.1\jquery-3.5.1.jar;"/>
    <property name="sun.cpu.endian" value="little"/>
    <property name="user.home" value="C:\Users\pulkitrajpal"/>
    <property name="user.language" value="en"/>
    <property name="java.specification.vendor" value="Oracle Corporation"/>
    <property name="java.version.date" value="2019-07-16"/>
    <property name="java.home" value="C:\.Net &amp; Java Software\jdk-12.0.2"/>
    <property name="file.separator" value="\"/>
    <property name="basedir" value="D:\EXITS TEST\Flipkart\Flipkart"/>
    <property name="java.vm.compressedOopsMode" value="Zero based"/>
    <property name="line.separator" value="&#10;"/>
    <property name="java.vm.specification.vendor" value="Oracle Corporation"/>
    <property name="java.specification.name" value="Java Platform API Specification"/>
    <property name="java.awt.graphicsenv" value="sun.awt.Win32GraphicsEnvironment"/>
    <property name="surefire.real.class.path" value="C:\Users\PULKIT~1\AppData\Local\Temp\surefire185580362308731110\surefirebooter17474126640642832212.jar"/>
    <property name="user.script" value=""/>
    <property name="sun.management.compiler" value="HotSpot 64-Bit Tiered Compilers"/>
    <property name="java.runtime.version" value="12.0.2+10"/>
    <property name="user.name" value="pulkitrajpal"/>
    <property name="path.separator" value=";"/>
    <property name="os.version" value="10.0"/>
    <property name="java.runtime.name" value="OpenJDK Runtime Environment"/>
    <property name="file.encoding" value="Cp1252"/>
    <property name="java.vm.name" value="OpenJDK 64-Bit Server VM"/>
    <property name="localRepository" value="C:\Users\pulkitrajpal\.m2\repository"/>
    <property name="java.vendor.url.bug" value="https://bugreport.java.com/bugreport/"/>
    <property name="java.io.tmpdir" value="C:\Users\PULKIT~1\AppData\Local\Temp\"/>
    <property name="java.version" value="12.0.2"/>
    <property name="user.dir" value="D:\EXITS TEST\Flipkart\Flipkart"/>
    <property name="os.arch" value="amd64"/>
    <property name="java.vm.specification.name" value="Java Virtual Machine Specification"/>
    <property name="sun.os.patch.level" value=""/>
    <property name="java.library.path" value="C:\.Net &amp; Java Software\jdk-12.0.2\bin;C:\Windows\Sun\Java\bin;C:\Windows\system32;C:\Windows;C:\Program Files\Microsoft MPI\Bin\;C:\Windows\system32;C:\Windows;C:\Windows\System32\Wbem;C:\Windows\System32\WindowsPowerShell\v1.0\;C:\Windows\System32\OpenSSH\;C:\Program Files\TortoiseSVN\bin;C:\Program Files\dotnet\;C:\Program Files\Microsoft SQL Server\130\Tools\Binn\;C:\Program Files\Microsoft SQL Server\Client SDK\ODBC\170\Tools\Binn\;C:\.Net &amp; Java Software\jdk-12.0.2\bin;C:\Program Files\Git\cmd;C:\Program Files (x86)\Microsoft SQL Server\150\DTS\Binn\;C:\Program Files (x86)\Microsoft SQL Server\140\Tools\Binn\;C:\Program Files\Microsoft SQL Server\140\Tools\Binn\;C:\Program Files (x86)\Microsoft SQL Server\140\DTS\Binn\;C:\Program Files\Microsoft SQL Server\140\DTS\Binn\;C:\Program Files\Microsoft SQL Server\Client SDK\ODBC\130\Tools\Binn\;C:\Program Files (x86)\dotnet\;C:\Program Files (x86)\NUnit.org\nunit-console;C:\Users\pulkitrajpal\AppData\Local\Android\Sdk\tools;C:\Users\pulkitrajpal\AppData\Local\Android\Sdk\ptatform-tools;C:\Program Files\nodejs\;C:\Users\pulkitrajpal\AppData\Local\Programs\Python\Python39\Scripts\;C:\Users\pulkitrajpal\AppData\Local\Programs\Python\Python39\;C:\Users\pulkitrajpal\AppData\Local\Microsoft\WindowsApps;C:\Users\pulkitrajpal\AppData\Local\Programs\Microsoft VS Code\bin;C:\Program Files\Azure Data Studio\bin;C:\Program Files\JetBrains\IntelliJ IDEA Community Edition 2021.2.2\bin;;C:\Program Files\JetBrains\PyCharm Community Edition 2021.2.2\bin;;C:\Program Files\apache-maven-3.8.3\\bin;C:\Users\pulkitrajpal\.dotnet\tools;C:\Users\pulkitrajpal\AppData\Roaming\npm;."/>
    <property name="java.vm.info" value="mixed mode, sharing"/>
    <property name="java.vendor" value="Oracle Corporation"/>
    <property name="java.vm.version" value="12.0.2+10"/>
    <property name="sun.io.unicode.encoding" value="UnicodeLittle"/>
    <property name="java.class.version" value="56.0"/>
  </properties>
  <testcase name="dropDownElectronics" classname="com.flipkart.tests.HomePageTest" time="3.741"/>
  <testcase name="verifyTitle" classname="com.flipkart.tests.HomePageTest" time="0.009"/>
  <testcase name="invalidLogin" classname="com.flipkart.tests.LoginTest" time="0.814">
    <failure message="did not expect [Your username or password is incorrect] but found [Your username or password is incorrect]" type="java.lang.AssertionError">java.lang.AssertionError: did not expect [Your username or password is incorrect] but found [Your username or password is incorrect]
	at com.flipkart.tests.LoginTest.invalidLogin(LoginTest.java:62)
</failure>
    <system-out><![CDATA[[INFO ] 2022-02-09 17:17:41.159 [main] LoginTest - Test :: InValid Login Test Case Started
[INFO ] 2022-02-09 17:17:41.160 [main] LoginTest - Test :: invalidLogin Signing Up to Flipkart Web App
]]></system-out>
    <system-err><![CDATA[Starting ChromeDriver 98.0.4758.80 (7f0488e8ba0d8e019187c6325a16c29d9b7f4989-refs/branch-heads/4758@{#972}) on port 22048
Only local connections are allowed.
Please see https://chromedriver.chromium.org/security-considerations for suggestions on keeping ChromeDriver safe.
ChromeDriver was started successfully.
Feb 09, 2022 5:17:37 PM org.openqa.selenium.remote.ProtocolHandshake createSession
INFO: Detected dialect: W3C
]]></system-err>
  </testcase>
  <testcase name="validLogin" classname="com.flipkart.tests.LoginTest" time="2.762"/>
  <testcase name="logout" classname="com.flipkart.tests.LogoutTest" time="3.431"/>
  <testcase name="relevantProducts" classname="com.flipkart.tests.ProductTest" time="3.036"/>
  <testcase name="sortProductByPriceHtoL" classname="com.flipkart.tests.ProductTest" time="4.446"/>
  <testcase name="sortProductByPriceLtoH" classname="com.flipkart.tests.ProductTest" time="4.075"/>
  <testcase name="chooseProductBrand" classname="com.flipkart.tests.ProductTest" time="4.125"/>
  <testcase name="chooseProductRating" classname="com.flipkart.tests.ProductTest" time="1.017"/>
  <testcase name="checkImageDisplayed" classname="com.flipkart.tests.ProductDetailsTest" time="2.786"/>
  <testcase name="changeColorofProduct" classname="com.flipkart.tests.ProductDetailsTest" time="4.926"/>
  <testcase name="changeSizeofProduct" classname="com.flipkart.tests.ProductDetailsTest" time="4.616"/>
  <testcase name="addToCart" classname="com.flipkart.tests.CartTest" time="7.408"/>
  <testcase name="addtoCartOutofStock" classname="com.flipkart.tests.CartTest" time="4.375"/>
  <testcase name="addValidAddress" classname="com.flipkart.tests.AddressTest" time="5.03"/>
  <testcase name="addInValidAddress" classname="com.flipkart.tests.AddressTest" time="4.966"/>
  <testcase name="changeName" classname="com.flipkart.tests.FlipkartProfileInfoTest" time="4.225"/>
  <testcase name="changeGender" classname="com.flipkart.tests.FlipkartProfileInfoTest" time="5.052"/>
  <testcase name="addTowishlist" classname="com.flipkart.tests.WishlistTest" time="3.25"/>
  <testcase name="getProductsInwishlist" classname="com.flipkart.tests.WishlistTest" time="5.221"/>
</testsuite>