<?xml version="1.0" encoding="UTF-8"?>
<!-- Generated by org.testng.reporters.JUnitReportReporter -->
<testsuite hostname="pulkitrajpal" failures="0" tests="1" name="com.flipkart.tests.FlipkartProfileInfoTest" time="6.520" errors="0" timestamp="2022-02-01T19:34:08 IST" skipped="0">
  <testcase classname="com.flipkart.tests.FlipkartProfileInfoTest" name="changeGender" time="6.520"/>
  <system-out/>
</testsuite> <!-- com.flipkart.tests.FlipkartProfileInfoTest -->
