<?xml version="1.0" encoding="UTF-8"?>
<!-- Generated by org.testng.reporters.JUnitReportReporter -->
<testsuite hostname="pulkitrajpal" failures="0" tests="1" name="com.flipkart.tests.HomePageTest" time="3.969" errors="0" timestamp="2022-02-05T22:51:12 IST" skipped="0">
  <testcase classname="com.flipkart.tests.HomePageTest" name="srcollHome" time="3.969"/>
  <system-out/>
</testsuite> <!-- com.flipkart.tests.HomePageTest -->
