<?xml version="1.0" encoding="UTF-8"?>
<!-- Generated by org.testng.reporters.JUnitReportReporter -->
<testsuite hostname="pulkitrajpal" failures="0" tests="2" name="com.flipkart.tests.AddressTest" time="12.177" errors="0" timestamp="2022-02-03T22:18:45 IST" skipped="0">
  <testcase classname="com.flipkart.tests.AddressTest" name="addValidAddress" time="7.880"/>
  <system-out/>
  <testcase classname="com.flipkart.tests.AddressTest" name="addInValidAddress" time="4.297"/>
  <system-out/>
</testsuite> <!-- com.flipkart.tests.AddressTest -->
