<?xml version="1.0" encoding="UTF-8"?>
<!-- Generated by org.testng.reporters.JUnitReportReporter -->
<testsuite hostname="pulkitrajpal" failures="0" tests="2" name="com.flipkart.tests.CartTest" time="34.085" errors="0" timestamp="2022-02-09T12:33:17 IST" skipped="0">
  <testcase classname="com.flipkart.tests.CartTest" name="addToCart" time="21.505"/>
  <system-out/>
  <testcase classname="com.flipkart.tests.CartTest" name="deletefromCart" time="12.580"/>
  <system-out/>
</testsuite> <!-- com.flipkart.tests.CartTest -->
