<?xml version="1.0" encoding="UTF-8"?>
<!-- Generated by org.testng.reporters.JUnitReportReporter -->
<testsuite hostname="pulkitrajpal" failures="0" tests="1" name="com.flipkart.tests.HomePageTest" time="1.294" errors="0" timestamp="2022-02-03T15:58:06 IST" skipped="0">
  <testcase classname="com.flipkart.tests.HomePageTest" name="srcollHome" time="1.294"/>
  <system-out/>
</testsuite> <!-- com.flipkart.tests.HomePageTest -->
