<?xml version="1.0" encoding="UTF-8"?>
<!-- Generated by org.testng.reporters.JUnitReportReporter -->
<testsuite hostname="pulkitrajpal" failures="0" tests="2" name="com.flipkart.tests.CartTest" time="31.182" errors="0" timestamp="2022-02-08T15:01:54 IST" skipped="1">
  <testcase classname="com.flipkart.tests.CartTest" name="deletefromCart" time="31.182"/>
  <system-out/>
  <testcase classname="com.flipkart.tests.CartTest" name="addToCart">
    <skipped/>
  </testcase> <!-- addToCart -->
  <system-out/>
</testsuite> <!-- com.flipkart.tests.CartTest -->
