<?xml version="1.0" encoding="UTF-8"?>
<!-- Generated by org.testng.reporters.JUnitReportReporter -->
<testsuite hostname="pulkitrajpal" failures="0" tests="2" name="com.flipkart.tests.AddressTest" time="12.500" errors="0" timestamp="2022-02-05T21:05:20 IST" skipped="1">
  <testcase classname="com.flipkart.tests.AddressTest" name="addInValidAddress" time="12.500"/>
  <system-out/>
  <testcase classname="com.flipkart.tests.AddressTest" name="addValidAddress">
    <skipped/>
  </testcase> <!-- addValidAddress -->
  <system-out/>
</testsuite> <!-- com.flipkart.tests.AddressTest -->
