<?xml version="1.0" encoding="UTF-8"?>
<!-- Generated by org.testng.reporters.JUnitReportReporter -->
<testsuite hostname="pulkitrajpal" failures="0" tests="3" name="com.flipkart.tests.ProductDetailsTest" time="46.949" errors="0" timestamp="2022-02-08T14:27:31 IST" skipped="0">
  <testcase classname="com.flipkart.tests.ProductDetailsTest" name="checkImageDisplayed" time="15.191"/>
  <system-out/>
  <testcase classname="com.flipkart.tests.ProductDetailsTest" name="changeColorofProduct" time="18.708"/>
  <system-out/>
  <testcase classname="com.flipkart.tests.ProductDetailsTest" name="changeSizeofProduct" time="13.050"/>
  <system-out/>
</testsuite> <!-- com.flipkart.tests.ProductDetailsTest -->
