<?xml version="1.0" encoding="UTF-8"?>
<!-- Generated by org.testng.reporters.JUnitReportReporter -->
<testsuite hostname="pulkitrajpal" failures="0" tests="1" name="com.flipkart.tests.ProductDetailsTest" time="12.174" errors="0" timestamp="2022-02-01T23:40:20 IST" skipped="0">
  <testcase classname="com.flipkart.tests.ProductDetailsTest" name="changeSizeofProduct" time="12.174"/>
  <system-out/>
</testsuite> <!-- com.flipkart.tests.ProductDetailsTest -->
