<?xml version="1.0" encoding="UTF-8"?>
<!-- Generated by org.testng.reporters.JUnitReportReporter -->
<testsuite hostname="pulkitrajpal" failures="0" tests="1" name="com.flipkart.tests.LogoutTest" time="12.086" errors="0" timestamp="2022-02-08T14:27:31 IST" skipped="0">
  <testcase classname="com.flipkart.tests.LogoutTest" name="logout" time="12.086"/>
  <system-out/>
</testsuite> <!-- com.flipkart.tests.LogoutTest -->
