<?xml version="1.0" encoding="UTF-8"?>
<!-- Generated by org.testng.reporters.JUnitReportReporter -->
<testsuite hostname="pulkitrajpal" failures="0" tests="5" name="com.flipkart.tests.ProductTest" time="0.000" errors="0" timestamp="2022-02-09T12:56:05 IST" skipped="5">
  <testcase classname="com.flipkart.tests.ProductTest" name="relevantProducts" time="0.000">
    <skipped/>
  </testcase> <!-- relevantProducts -->
  <system-out/>
  <testcase classname="com.flipkart.tests.ProductTest" name="sortProductByPriceHtoL" time="0.000">
    <skipped/>
  </testcase> <!-- sortProductByPriceHtoL -->
  <system-out/>
  <testcase classname="com.flipkart.tests.ProductTest" name="sortProductByPriceLtoH" time="0.000">
    <skipped/>
  </testcase> <!-- sortProductByPriceLtoH -->
  <system-out/>
  <testcase classname="com.flipkart.tests.ProductTest" name="chooseProductBrand" time="0.000">
    <skipped/>
  </testcase> <!-- chooseProductBrand -->
  <system-out/>
  <testcase classname="com.flipkart.tests.ProductTest" name="chooseProductRating" time="0.000">
    <skipped/>
  </testcase> <!-- chooseProductRating -->
  <system-out/>
</testsuite> <!-- com.flipkart.tests.ProductTest -->
