<?xml version="1.0" encoding="UTF-8"?>
<!-- Generated by org.testng.reporters.JUnitReportReporter -->
<testsuite hostname="pulkitrajpal" failures="0" tests="2" name="com.flipkart.tests.LoginTest" time="14.427" errors="0" timestamp="2022-01-31T15:33:40 IST" skipped="1">
  <testcase classname="com.flipkart.tests.LoginTest" name="validLogin" time="14.427"/>
  <system-out/>
  <testcase classname="com.flipkart.tests.LoginTest" name="invalidLogin">
    <skipped/>
  </testcase> <!-- invalidLogin -->
  <system-out/>
</testsuite> <!-- com.flipkart.tests.LoginTest -->
