<?xml version="1.0" encoding="UTF-8"?>
<!-- Generated by org.testng.reporters.JUnitReportReporter -->
<testsuite hostname="pulkitrajpal" failures="0" tests="2" name="com.flipkart.tests.FlipkartProfileInfoTest" time="13.626" errors="0" timestamp="2022-02-08T14:57:59 IST" skipped="1">
  <testcase classname="com.flipkart.tests.FlipkartProfileInfoTest" name="changeName" time="13.626"/>
  <system-out/>
  <testcase classname="com.flipkart.tests.FlipkartProfileInfoTest" name="changeGender">
    <skipped/>
  </testcase> <!-- changeGender -->
  <system-out/>
</testsuite> <!-- com.flipkart.tests.FlipkartProfileInfoTest -->
