<?xml version="1.0" encoding="UTF-8"?>
<!-- Generated by org.testng.reporters.JUnitReportReporter -->
<testsuite hostname="pulkitrajpal" failures="0" tests="1" name="com.flipkart.tests.HomePageTest" time="11.178" errors="0" timestamp="2022-02-09T10:33:29 IST" skipped="0">
  <testcase classname="com.flipkart.tests.HomePageTest" name="dropDownElectronics" time="11.178"/>
  <system-out/>
</testsuite> <!-- com.flipkart.tests.HomePageTest -->
