<?xml version="1.0" encoding="UTF-8"?>
<!-- Generated by org.testng.reporters.JUnitReportReporter -->
<testsuite hostname="pulkitrajpal" failures="0" tests="1" name="com.flipkart.tests.ProductTest" time="6.909" errors="0" timestamp="2022-02-01T15:25:29 IST" skipped="0">
  <testcase classname="com.flipkart.tests.ProductTest" name="chooseProductRating" time="6.909"/>
  <system-out/>
</testsuite> <!-- com.flipkart.tests.ProductTest -->
