<?xml version="1.0" encoding="UTF-8"?>
<!-- Generated by org.testng.reporters.JUnitReportReporter -->
<testsuite hostname="pulkitrajpal" failures="0" tests="1" name="com.flipkart.tests.AddressTest" time="4.595" errors="0" timestamp="2022-01-31T15:53:10 IST" skipped="0">
  <testcase classname="com.flipkart.tests.AddressTest" name="addInValidAddress" time="4.595"/>
  <system-out/>
</testsuite> <!-- com.flipkart.tests.AddressTest -->
