<?xml version="1.0" encoding="UTF-8"?>
<!-- Generated by org.testng.reporters.JUnitReportReporter -->
<testsuite hostname="pulkitrajpal" failures="0" tests="1" name="com.flipkart.tests.LogoutTest" time="3.420" errors="0" timestamp="2022-02-03T22:18:45 IST" skipped="0">
  <testcase classname="com.flipkart.tests.LogoutTest" name="logout" time="3.420"/>
  <system-out/>
</testsuite> <!-- com.flipkart.tests.LogoutTest -->
