<?xml version="1.0" encoding="UTF-8"?>
<!-- Generated by org.testng.reporters.JUnitReportReporter -->
<testsuite hostname="pulkitrajpal" failures="0" tests="1" name="com.flipkart.tests.SearchProductTest" time="7.836" errors="0" timestamp="2022-01-30T18:04:57 IST" skipped="0">
  <testcase classname="com.flipkart.tests.SearchProductTest" name="validLogin" time="7.836"/>
  <system-out/>
</testsuite> <!-- com.flipkart.tests.SearchProductTest -->
