<?xml version="1.0" encoding="UTF-8"?>
<!-- Generated by org.testng.reporters.JUnitReportReporter -->
<testsuite hostname="pulkitrajpal" failures="0" tests="1" name="com.flipkart.tests.CartTest" time="7.012" errors="0" timestamp="2022-01-31T01:53:59 IST" skipped="0">
  <testcase classname="com.flipkart.tests.CartTest" name="addtoCartOutofStock" time="7.012"/>
  <system-out/>
</testsuite> <!-- com.flipkart.tests.CartTest -->
