<?xml version="1.0" encoding="UTF-8"?>
<!-- Generated by org.testng.reporters.JUnitReportReporter -->
<testsuite hostname="pulkitrajpal" failures="0" tests="2" name="com.flipkart.tests.WishlistTest" time="18.689" errors="0" timestamp="2022-02-07T14:05:44 IST" skipped="1">
  <testcase classname="com.flipkart.tests.WishlistTest" name="getProductsInwishlist" time="12.017"/>
  <system-out/>
  <testcase classname="com.flipkart.tests.WishlistTest" name="addTowishlist" time="6.672">
    <skipped/>
  </testcase> <!-- addTowishlist -->
  <system-out/>
</testsuite> <!-- com.flipkart.tests.WishlistTest -->
