<?xml version="1.0" encoding="UTF-8"?>
<!-- Generated by org.testng.reporters.JUnitReportReporter -->
<testsuite hostname="pulkitrajpal" failures="0" tests="1" name="com.flipkart.tests.LogoutTest" time="0.000" errors="0" timestamp="2022-02-04T14:13:00 IST" skipped="1">
  <testcase classname="com.flipkart.tests.LogoutTest" name="logout" time="0.000">
    <skipped/>
  </testcase> <!-- logout -->
  <system-out/>
</testsuite> <!-- com.flipkart.tests.LogoutTest -->
