<?xml version="1.0" encoding="UTF-8"?>
<!-- Generated by org.testng.reporters.JUnitReportReporter -->
<testsuite hostname="pulkitrajpal" failures="0" tests="5" name="com.flipkart.tests.ProductTest" time="5.087" errors="0" timestamp="2022-02-07T10:58:25 IST" skipped="4">
  <testcase classname="com.flipkart.tests.ProductTest" name="chooseProductBrand" time="1.084">
    <skipped/>
  </testcase> <!-- chooseProductBrand -->
  <system-out/>
  <testcase classname="com.flipkart.tests.ProductTest" name="chooseProductRating" time="0.295">
    <skipped/>
  </testcase> <!-- chooseProductRating -->
  <system-out/>
  <testcase classname="com.flipkart.tests.ProductTest" name="sortProductByPriceLtoH" time="0.320">
    <skipped/>
  </testcase> <!-- sortProductByPriceLtoH -->
  <system-out/>
  <testcase classname="com.flipkart.tests.ProductTest" name="sortProductByPriceHtoL" time="0.408">
    <skipped/>
  </testcase> <!-- sortProductByPriceHtoL -->
  <system-out/>
  <testcase classname="com.flipkart.tests.ProductTest" name="relevantProducts" time="2.980"/>
  <system-out/>
</testsuite> <!-- com.flipkart.tests.ProductTest -->
