<?xml version="1.0" encoding="UTF-8"?>
<!-- Generated by org.testng.reporters.JUnitReportReporter -->
<testsuite hostname="pulkitrajpal" failures="0" tests="2" name="com.flipkart.tests.HomePageTest" time="18.775" errors="0" timestamp="2022-02-09T13:33:24 IST" skipped="0">
  <testcase classname="com.flipkart.tests.HomePageTest" name="dropDownElectronics" time="12.714"/>
  <system-out/>
  <testcase classname="com.flipkart.tests.HomePageTest" name="verifyTitle" time="6.061"/>
  <system-out/>
</testsuite> <!-- com.flipkart.tests.HomePageTest -->
