<?xml version="1.0" encoding="UTF-8"?>
<!-- Generated by org.testng.reporters.JUnitReportReporter -->
<testsuite hostname="pulkitrajpal" failures="0" tests="1" name="com.flipkart.tests.ProductTest" time="13.702" errors="0" timestamp="2022-02-01T20:27:13 IST" skipped="0">
  <testcase classname="com.flipkart.tests.ProductTest" name="chooseProductBrand" time="13.702"/>
  <system-out/>
</testsuite> <!-- com.flipkart.tests.ProductTest -->
