<?xml version="1.0" encoding="UTF-8"?>
<!-- Generated by org.testng.reporters.JUnitReportReporter -->
<testsuite hostname="pulkitrajpal" failures="0" tests="1" name="com.flipkart.tests.OrderTest" time="0.006" errors="0" timestamp="2022-01-28T16:10:51 IST" skipped="0">
  <testcase classname="com.flipkart.tests.OrderTest" name="pulkit" time="0.006"/>
  <system-out/>
</testsuite> <!-- com.flipkart.tests.OrderTest -->
