<?xml version="1.0" encoding="UTF-8"?>
<!-- Generated by org.testng.reporters.JUnitReportReporter -->
<testsuite hostname="pulkitrajpal" failures="0" tests="1" name="com.flipkart.tests.LoginTest" time="5.625" errors="0" timestamp="2022-02-05T19:55:34 IST" skipped="0">
  <testcase classname="com.flipkart.tests.LoginTest" name="validLogin" time="5.625"/>
  <system-out/>
</testsuite> <!-- com.flipkart.tests.LoginTest -->
