<?xml version="1.0" encoding="UTF-8"?>
<!-- Generated by org.testng.reporters.JUnitReportReporter -->
<testsuite hostname="pulkitrajpal" failures="0" tests="5" name="com.flipkart.tests.ProductTest" time="55.575" errors="0" timestamp="2022-02-08T14:27:31 IST" skipped="0">
  <testcase classname="com.flipkart.tests.ProductTest" name="relevantProducts" time="10.179"/>
  <system-out/>
  <testcase classname="com.flipkart.tests.ProductTest" name="sortProductByPriceHtoL" time="11.318"/>
  <system-out/>
  <testcase classname="com.flipkart.tests.ProductTest" name="sortProductByPriceLtoH" time="11.320"/>
  <system-out/>
  <testcase classname="com.flipkart.tests.ProductTest" name="chooseProductBrand" time="13.835"/>
  <system-out/>
  <testcase classname="com.flipkart.tests.ProductTest" name="chooseProductRating" time="8.923"/>
  <system-out/>
</testsuite> <!-- com.flipkart.tests.ProductTest -->
