<?xml version="1.0" encoding="UTF-8"?>
<!-- Generated by org.testng.reporters.JUnitReportReporter -->
<testsuite hostname="pulkitrajpal" failures="0" tests="1" name="com.flipkart.tests.ProductDetailsTest" time="9.326" errors="0" timestamp="2022-02-02T15:01:46 IST" skipped="0">
  <testcase classname="com.flipkart.tests.ProductDetailsTest" name="changeSizeofProduct" time="9.326"/>
  <system-out/>
</testsuite> <!-- com.flipkart.tests.ProductDetailsTest -->
