<?xml version="1.0" encoding="UTF-8"?>
<!-- Generated by org.testng.reporters.JUnitReportReporter -->
<testsuite hostname="pulkitrajpal" failures="0" tests="1" name="com.flipkart.tests.LogoutTest" time="7.861" errors="0" timestamp="2022-02-09T17:20:59 IST" skipped="0">
  <testcase classname="com.flipkart.tests.LogoutTest" name="logout" time="7.861"/>
  <system-out/>
</testsuite> <!-- com.flipkart.tests.LogoutTest -->
