<?xml version="1.0" encoding="UTF-8"?>
<!-- Generated by org.testng.reporters.JUnitReportReporter -->
<testsuite hostname="pulkitrajpal" failures="0" tests="2" name="com.flipkart.tests.FlipkartProfileInfoTest" time="20.101" errors="0" timestamp="2022-02-09T17:20:59 IST" skipped="0">
  <testcase classname="com.flipkart.tests.FlipkartProfileInfoTest" name="changeName" time="9.756"/>
  <system-out/>
  <testcase classname="com.flipkart.tests.FlipkartProfileInfoTest" name="changeGender" time="10.345"/>
  <system-out/>
</testsuite> <!-- com.flipkart.tests.FlipkartProfileInfoTest -->
