<?xml version="1.0" encoding="UTF-8"?>
<!-- Generated by org.testng.reporters.JUnitReportReporter -->
<testsuite hostname="pulkitrajpal" failures="0" tests="2" name="com.flipkart.tests.AddressTest" time="19.308" errors="0" timestamp="2022-02-09T17:20:59 IST" skipped="0">
  <testcase classname="com.flipkart.tests.AddressTest" name="addValidAddress" time="9.378"/>
  <system-out/>
  <testcase classname="com.flipkart.tests.AddressTest" name="addInValidAddress" time="9.930"/>
  <system-out/>
</testsuite> <!-- com.flipkart.tests.AddressTest -->
