<?xml version="1.0" encoding="UTF-8"?>
<!-- Generated by org.testng.reporters.JUnitReportReporter -->
<testsuite hostname="pulkitrajpal" failures="0" tests="5" name="com.flipkart.tests.ProductTest" time="45.058" errors="0" timestamp="2022-02-09T17:20:59 IST" skipped="0">
  <testcase classname="com.flipkart.tests.ProductTest" name="relevantProducts" time="10.926"/>
  <system-out/>
  <testcase classname="com.flipkart.tests.ProductTest" name="sortProductByPriceHtoL" time="9.135"/>
  <system-out/>
  <testcase classname="com.flipkart.tests.ProductTest" name="sortProductByPriceLtoH" time="9.545"/>
  <system-out/>
  <testcase classname="com.flipkart.tests.ProductTest" name="chooseProductBrand" time="9.222"/>
  <system-out/>
  <testcase classname="com.flipkart.tests.ProductTest" name="chooseProductRating" time="6.230"/>
  <system-out/>
</testsuite> <!-- com.flipkart.tests.ProductTest -->
