<?xml version="1.0" encoding="UTF-8"?>
<!-- Generated by org.testng.reporters.JUnitReportReporter -->
<testsuite hostname="pulkitrajpal" failures="0" tests="2" name="com.flipkart.tests.WishlistTest" time="21.779" errors="0" timestamp="2022-02-09T17:20:59 IST" skipped="0">
  <testcase classname="com.flipkart.tests.WishlistTest" name="addTowishlist" time="10.872"/>
  <system-out/>
  <testcase classname="com.flipkart.tests.WishlistTest" name="getProductsInwishlist" time="10.907"/>
  <system-out/>
</testsuite> <!-- com.flipkart.tests.WishlistTest -->
