<?xml version="1.0" encoding="UTF-8"?>
<!-- Generated by org.testng.reporters.JUnitReportReporter -->
<testsuite hostname="pulkitrajpal" failures="0" tests="1" name="com.flipkart.tests.HomePageTest" time="6.329" errors="0" timestamp="2022-02-06T21:19:55 IST" skipped="0">
  <testcase classname="com.flipkart.tests.HomePageTest" name="srcollHome" time="6.329"/>
  <system-out/>
</testsuite> <!-- com.flipkart.tests.HomePageTest -->
