<?xml version="1.0" encoding="UTF-8"?>
<!-- Generated by org.testng.reporters.JUnitReportReporter -->
<testsuite hostname="pulkitrajpal" failures="0" tests="2" name="com.flipkart.tests.CartTest" time="46.564" errors="0" timestamp="2022-02-09T17:20:59 IST" skipped="0">
  <testcase classname="com.flipkart.tests.CartTest" name="addToCart" time="13.311"/>
  <system-out/>
  <testcase classname="com.flipkart.tests.CartTest" name="addtoCartOutofStock" time="33.253"/>
  <system-out/>
</testsuite> <!-- com.flipkart.tests.CartTest -->
