<?xml version="1.0" encoding="UTF-8"?>
<!-- Generated by org.testng.reporters.JUnitReportReporter -->
<testsuite hostname="pulkitrajpal" failures="0" tests="3" name="com.flipkart.tests.ProductDetailsTest" time="27.155" errors="0" timestamp="2022-02-09T17:20:59 IST" skipped="0">
  <testcase classname="com.flipkart.tests.ProductDetailsTest" name="checkImageDisplayed" time="8.112"/>
  <system-out/>
  <testcase classname="com.flipkart.tests.ProductDetailsTest" name="changeColorofProduct" time="10.070"/>
  <system-out/>
  <testcase classname="com.flipkart.tests.ProductDetailsTest" name="changeSizeofProduct" time="8.973"/>
  <system-out/>
</testsuite> <!-- com.flipkart.tests.ProductDetailsTest -->
